2021-05-05 13:38:04,161 [INFO] __speaker-diarization-worker__ : The SwaggerUI is started successfully on port 80
2021-05-05 13:38:04,161 [INFO] __speaker-diarization-worker__ : Starting the speaker diarization service on port 80
2021-05-05 13:38:36,444 [INFO] __speaker-diarization-worker__ : [POST] New user entry - Speaker diarization
2021-05-05 13:38:42,282 [INFO] __speaker-diarization-worker__.SpeakerDiarization : Speaker Diarization took 5[s] with a speed 0.04[xRT]
2021-05-05 13:40:56,202 [INFO] __speaker-diarization-worker__ : The SwaggerUI is started successfully on port 80
2021-05-05 13:40:56,203 [INFO] __speaker-diarization-worker__ : Starting the speaker diarization service on port 80
2021-05-05 13:41:17,828 [INFO] __speaker-diarization-worker__ : [POST] New user entry - Speaker diarization
2021-05-05 13:41:23,207 [ERROR] __speaker-diarization-worker__.SpeakerDiarization : name 'number_speaker' is not defined
2021-05-05 13:41:23,207 [ERROR] __speaker-diarization-worker__ : Speaker diarization failed during processing the speech signal
2021-05-05 13:43:36,329 [INFO] __speaker-diarization-worker__ : The SwaggerUI is started successfully on port 80
2021-05-05 13:43:36,329 [INFO] __speaker-diarization-worker__ : Starting the speaker diarization service on port 80
2021-05-05 13:43:59,219 [INFO] __speaker-diarization-worker__ : [POST] New user entry - Speaker diarization
2021-05-05 13:43:59,344 [ERROR] __speaker-diarization-worker__ : run() missing 1 required positional argument: 'number_speaker'
2021-05-05 13:55:13,195 [INFO] __speaker-diarization-worker__ : The SwaggerUI is started successfully on port 80
2021-05-05 13:55:13,195 [INFO] __speaker-diarization-worker__ : Starting the speaker diarization service on port 80
2021-05-05 13:55:34,558 [INFO] __speaker-diarization-worker__ : [POST] New user entry - Speaker diarization
2021-05-05 13:55:39,806 [ERROR] __speaker-diarization-worker__.SpeakerDiarization : getSpectralClustering() takes 9 positional arguments but 10 were given
2021-05-05 13:55:39,807 [ERROR] __speaker-diarization-worker__ : Speaker diarization failed during processing the speech signal
2021-05-05 13:58:32,073 [INFO] __speaker-diarization-worker__ : The SwaggerUI is started successfully on port 80
2021-05-05 13:58:32,073 [INFO] __speaker-diarization-worker__ : Starting the speaker diarization service on port 80
2021-05-05 13:58:54,872 [INFO] __speaker-diarization-worker__ : [POST] New user entry - Speaker diarization
2021-05-05 14:11:56,849 [INFO] __speaker-diarization-worker__ : The SwaggerUI is started successfully on port 80
2021-05-05 14:11:56,849 [INFO] __speaker-diarization-worker__ : Starting the speaker diarization service on port 80
2021-05-05 14:12:16,109 [INFO] __speaker-diarization-worker__ : [POST] New user entry - Speaker diarization
2021-05-05 14:12:35,906 [INFO] __speaker-diarization-worker__.SpeakerDiarization : Speaker Diarization took 19[s] with a speed 0.16[xRT]
2021-05-05 14:13:54,196 [INFO] __speaker-diarization-worker__ : [POST] New user entry - Speaker diarization
2021-05-05 14:13:59,281 [INFO] __speaker-diarization-worker__.SpeakerDiarization : Speaker Diarization took 5[s] with a speed 0.13[xRT]
2021-05-05 14:14:43,436 [INFO] __speaker-diarization-worker__ : [POST] New user entry - Speaker diarization
2021-05-05 14:14:48,834 [INFO] __speaker-diarization-worker__.SpeakerDiarization : Speaker Diarization took 5[s] with a speed 0.13[xRT]
2021-05-05 14:26:54,689 [INFO] __speaker-diarization-worker__ : The SwaggerUI is started successfully on port 80
2021-05-05 14:26:54,690 [INFO] __speaker-diarization-worker__ : Starting the speaker diarization service on port 80
2021-05-05 14:27:27,836 [INFO] __speaker-diarization-worker__ : [POST] New user entry - Speaker diarization
2021-05-05 14:30:15,707 [INFO] __speaker-diarization-worker__ : The SwaggerUI is started successfully on port 80
2021-05-05 14:30:15,708 [INFO] __speaker-diarization-worker__ : Starting the speaker diarization service on port 80
2021-05-05 14:30:39,607 [INFO] __speaker-diarization-worker__ : [POST] New user entry - Speaker diarization
2021-05-05 14:37:08,497 [INFO] __speaker-diarization-worker__ : The SwaggerUI is started successfully on port 80
2021-05-05 14:37:08,498 [INFO] __speaker-diarization-worker__ : Starting the speaker diarization service on port 80
2021-05-05 14:37:41,865 [INFO] __speaker-diarization-worker__ : [POST] New user entry - Speaker diarization
2021-05-05 14:38:49,642 [INFO] __speaker-diarization-worker__ : The SwaggerUI is started successfully on port 80
2021-05-05 14:38:49,643 [INFO] __speaker-diarization-worker__ : Starting the speaker diarization service on port 80
2021-05-05 14:39:11,264 [INFO] __speaker-diarization-worker__ : [POST] New user entry - Speaker diarization
2021-05-05 14:50:28,156 [INFO] __speaker-diarization-worker__ : The SwaggerUI is started successfully on port 80
2021-05-05 14:50:28,156 [INFO] __speaker-diarization-worker__ : Starting the speaker diarization service on port 80
2021-05-05 14:53:44,418 [INFO] __speaker-diarization-worker__ : The SwaggerUI is started successfully on port 80
2021-05-05 14:53:44,418 [INFO] __speaker-diarization-worker__ : Starting the speaker diarization service on port 80
2021-05-05 14:54:14,075 [INFO] __speaker-diarization-worker__ : [POST] New user entry - Speaker diarization
2021-05-05 15:03:05,376 [INFO] __speaker-diarization-worker__ : The SwaggerUI is started successfully on port 80
2021-05-05 15:03:05,376 [INFO] __speaker-diarization-worker__ : Starting the speaker diarization service on port 80
2021-05-05 15:06:33,491 [INFO] __speaker-diarization-worker__ : The SwaggerUI is started successfully on port 80
2021-05-05 15:06:33,491 [INFO] __speaker-diarization-worker__ : Starting the speaker diarization service on port 80
2021-05-05 15:07:01,713 [INFO] __speaker-diarization-worker__ : [POST] New user entry - Speaker diarization
2021-05-05 15:40:22,042 [INFO] __speaker-diarization-worker__ : The SwaggerUI is started successfully on port 80
2021-05-05 15:40:22,042 [INFO] __speaker-diarization-worker__ : Starting the speaker diarization service on port 80
2021-05-05 15:40:48,510 [INFO] __speaker-diarization-worker__ : [POST] New user entry - Speaker diarization
2021-05-05 15:42:59,612 [INFO] __speaker-diarization-worker__ : The SwaggerUI is started successfully on port 80
2021-05-05 15:42:59,612 [INFO] __speaker-diarization-worker__ : Starting the speaker diarization service on port 80
2021-05-05 15:43:25,849 [INFO] __speaker-diarization-worker__ : [POST] New user entry - Speaker diarization
2021-05-05 15:48:20,820 [INFO] __speaker-diarization-worker__ : The SwaggerUI is started successfully on port 80
2021-05-05 15:48:20,820 [INFO] __speaker-diarization-worker__ : Starting the speaker diarization service on port 80
2021-05-05 15:48:49,370 [INFO] __speaker-diarization-worker__ : [POST] New user entry - Speaker diarization
2021-05-05 19:14:07,429 [INFO] __speaker-diarization-worker__ : The SwaggerUI is started successfully on port 80
2021-05-05 19:14:07,430 [INFO] __speaker-diarization-worker__ : Starting the speaker diarization service on port 80
2021-05-05 19:15:00,608 [INFO] __speaker-diarization-worker__ : [POST] New user entry - Speaker diarization
2021-05-05 19:16:25,643 [INFO] __speaker-diarization-worker__ : The SwaggerUI is started successfully on port 80
2021-05-05 19:16:25,643 [INFO] __speaker-diarization-worker__ : Starting the speaker diarization service on port 80
2021-05-05 19:17:03,075 [INFO] __speaker-diarization-worker__ : [POST] New user entry - Speaker diarization
2021-05-06 09:18:38,987 [INFO] __speaker-diarization-worker__ : The SwaggerUI is started successfully on port 80
2021-05-06 09:18:38,987 [INFO] __speaker-diarization-worker__ : Starting the speaker diarization service on port 80
2021-05-06 09:19:03,616 [INFO] __speaker-diarization-worker__ : [POST] New user entry - Speaker diarization
2021-05-06 09:20:21,449 [INFO] __speaker-diarization-worker__ : The SwaggerUI is started successfully on port 80
2021-05-06 09:20:21,449 [INFO] __speaker-diarization-worker__ : Starting the speaker diarization service on port 80
2021-05-06 09:20:56,264 [INFO] __speaker-diarization-worker__ : [POST] New user entry - Speaker diarization
2021-05-06 09:22:06,857 [INFO] __speaker-diarization-worker__ : The SwaggerUI is started successfully on port 80
2021-05-06 09:22:06,857 [INFO] __speaker-diarization-worker__ : Starting the speaker diarization service on port 80
2021-05-06 09:22:33,631 [INFO] __speaker-diarization-worker__ : [POST] New user entry - Speaker diarization
2021-05-06 09:22:33,678 [ERROR] __speaker-diarization-worker__ : 'Request' object has no attribute 'get'
2021-05-06 09:25:07,786 [INFO] __speaker-diarization-worker__ : The SwaggerUI is started successfully on port 80
2021-05-06 09:25:07,786 [INFO] __speaker-diarization-worker__ : Starting the speaker diarization service on port 80
2021-05-06 09:25:31,443 [INFO] __speaker-diarization-worker__ : [POST] New user entry - Speaker diarization
2021-05-06 09:25:31,491 [ERROR] __speaker-diarization-worker__ : 'Request' object has no attribute 'get'
2021-05-06 09:26:11,532 [INFO] __speaker-diarization-worker__ : The SwaggerUI is started successfully on port 80
2021-05-06 09:26:11,532 [INFO] __speaker-diarization-worker__ : Starting the speaker diarization service on port 80
2021-05-06 09:26:34,538 [INFO] __speaker-diarization-worker__ : [POST] New user entry - Speaker diarization
2021-05-06 09:26:34,582 [ERROR] __speaker-diarization-worker__ : 'method' object is not subscriptable
2021-05-06 09:28:41,151 [INFO] __speaker-diarization-worker__ : The SwaggerUI is started successfully on port 80
2021-05-06 09:28:41,151 [INFO] __speaker-diarization-worker__ : Starting the speaker diarization service on port 80
2021-05-06 09:29:05,046 [INFO] __speaker-diarization-worker__ : [POST] New user entry - Speaker diarization
2021-05-06 09:29:05,096 [ERROR] __speaker-diarization-worker__ : 'method' object is not subscriptable
2021-05-06 09:41:56,187 [INFO] __speaker-diarization-worker__ : The SwaggerUI is started successfully on port 80
2021-05-06 09:41:56,187 [INFO] __speaker-diarization-worker__ : Starting the speaker diarization service on port 80
2021-05-06 09:42:19,280 [INFO] __speaker-diarization-worker__ : [POST] New user entry - Speaker diarization
2021-05-06 09:42:19,327 [ERROR] __speaker-diarization-worker__ : 'method' object is not subscriptable
2021-05-06 09:43:44,593 [INFO] __speaker-diarization-worker__ : The SwaggerUI is started successfully on port 80
2021-05-06 09:43:44,593 [INFO] __speaker-diarization-worker__ : Starting the speaker diarization service on port 80
2021-05-06 09:44:01,717 [INFO] __speaker-diarization-worker__ : [POST] New user entry - Speaker diarization
2021-05-06 09:44:01,764 [ERROR] __speaker-diarization-worker__ : 'method' object is not subscriptable
2021-05-06 09:45:44,691 [INFO] __speaker-diarization-worker__ : The SwaggerUI is started successfully on port 80
2021-05-06 09:45:44,691 [INFO] __speaker-diarization-worker__ : Starting the speaker diarization service on port 80
2021-05-06 09:46:07,730 [INFO] __speaker-diarization-worker__ : [POST] New user entry - Speaker diarization
2021-05-06 09:46:07,775 [ERROR] __speaker-diarization-worker__ : 'method' object is not subscriptable
2021-05-06 09:53:56,993 [INFO] __speaker-diarization-worker__ : The SwaggerUI is started successfully on port 80
2021-05-06 09:53:56,993 [INFO] __speaker-diarization-worker__ : Starting the speaker diarization service on port 80
2021-05-06 09:54:25,271 [INFO] __speaker-diarization-worker__ : [POST] New user entry - Speaker diarization
2021-05-06 09:54:25,327 [ERROR] __speaker-diarization-worker__ : 'method' object is not subscriptable
2021-05-06 09:58:11,894 [INFO] __speaker-diarization-worker__ : The SwaggerUI is started successfully on port 80
2021-05-06 09:58:11,894 [INFO] __speaker-diarization-worker__ : Starting the speaker diarization service on port 80
2021-05-06 09:59:36,941 [INFO] __speaker-diarization-worker__ : The SwaggerUI is started successfully on port 80
2021-05-06 09:59:36,941 [INFO] __speaker-diarization-worker__ : Starting the speaker diarization service on port 80
2021-05-06 10:00:00,661 [INFO] __speaker-diarization-worker__ : [POST] New user entry - Speaker diarization
2021-05-06 10:00:00,709 [ERROR] __speaker-diarization-worker__ : 'method' object is not subscriptable
2021-05-06 10:09:32,184 [INFO] __speaker-diarization-worker__ : The SwaggerUI is started successfully on port 80
2021-05-06 10:09:32,185 [INFO] __speaker-diarization-worker__ : Starting the speaker diarization service on port 80
2021-05-06 10:09:53,145 [INFO] __speaker-diarization-worker__ : [POST] New user entry - Speaker diarization
2021-05-06 10:09:53,197 [ERROR] __speaker-diarization-worker__ : 'Request' object has no attribute 'GET'
2021-05-06 10:14:00,731 [INFO] __speaker-diarization-worker__ : The SwaggerUI is started successfully on port 80
2021-05-06 10:14:00,732 [INFO] __speaker-diarization-worker__ : Starting the speaker diarization service on port 80
2021-05-06 10:14:22,067 [INFO] __speaker-diarization-worker__ : [POST] New user entry - Speaker diarization
2021-05-06 10:14:22,130 [ERROR] __speaker-diarization-worker__ : 'Request' object has no attribute 'get'
2021-05-06 10:17:46,439 [INFO] __speaker-diarization-worker__ : The SwaggerUI is started successfully on port 80
2021-05-06 10:17:46,439 [INFO] __speaker-diarization-worker__ : Starting the speaker diarization service on port 80
2021-05-06 10:18:08,885 [INFO] __speaker-diarization-worker__ : [POST] New user entry - Speaker diarization
2021-05-06 10:18:08,940 [ERROR] __speaker-diarization-worker__ : 'Request' object has no attribute 'get'
2021-05-06 10:19:28,213 [INFO] __speaker-diarization-worker__ : The SwaggerUI is started successfully on port 80
2021-05-06 10:19:28,213 [INFO] __speaker-diarization-worker__ : Starting the speaker diarization service on port 80
2021-05-06 10:19:48,119 [INFO] __speaker-diarization-worker__ : [POST] New user entry - Speaker diarization
2021-05-06 10:19:48,174 [ERROR] __speaker-diarization-worker__ : 'Request' object has no attribute 'POST'
2021-05-06 10:21:05,555 [INFO] __speaker-diarization-worker__ : The SwaggerUI is started successfully on port 80
2021-05-06 10:21:05,555 [INFO] __speaker-diarization-worker__ : Starting the speaker diarization service on port 80
2021-05-06 10:21:27,162 [INFO] __speaker-diarization-worker__ : [POST] New user entry - Speaker diarization
2021-05-06 10:21:27,210 [ERROR] __speaker-diarization-worker__ : 'Request' object has no attribute 'POST'
2021-05-06 10:23:10,158 [INFO] __speaker-diarization-worker__ : The SwaggerUI is started successfully on port 80
2021-05-06 10:23:10,158 [INFO] __speaker-diarization-worker__ : Starting the speaker diarization service on port 80
2021-05-06 10:23:31,472 [INFO] __speaker-diarization-worker__ : [POST] New user entry - Speaker diarization
2021-05-06 10:23:31,528 [ERROR] __speaker-diarization-worker__ : 'Request' object has no attribute 'GET'
2021-05-06 12:25:45,182 [INFO] __speaker-diarization-worker__ : The SwaggerUI is started successfully on port 80
2021-05-06 12:25:45,182 [INFO] __speaker-diarization-worker__ : Starting the speaker diarization service on port 80
2021-05-06 12:26:12,628 [INFO] __speaker-diarization-worker__ : [POST] New user entry - Speaker diarization
2021-05-06 12:26:12,680 [ERROR] __speaker-diarization-worker__ : 'method' object is not subscriptable
2021-05-06 12:27:16,326 [INFO] __speaker-diarization-worker__ : The SwaggerUI is started successfully on port 80
2021-05-06 12:27:16,326 [INFO] __speaker-diarization-worker__ : Starting the speaker diarization service on port 80
2021-05-06 12:27:40,138 [INFO] __speaker-diarization-worker__ : [POST] New user entry - Speaker diarization
2021-05-06 12:27:40,190 [ERROR] __speaker-diarization-worker__ : 400 Bad Request: The browser (or proxy) sent a request that this server could not understand.
2021-05-06 12:28:56,188 [INFO] __speaker-diarization-worker__ : The SwaggerUI is started successfully on port 80
2021-05-06 12:28:56,188 [INFO] __speaker-diarization-worker__ : Starting the speaker diarization service on port 80
2021-05-06 12:29:19,153 [INFO] __speaker-diarization-worker__ : [POST] New user entry - Speaker diarization
2021-05-06 12:29:19,202 [ERROR] __speaker-diarization-worker__ : 400 Bad Request: The browser (or proxy) sent a request that this server could not understand.
2021-05-06 12:40:24,093 [INFO] __speaker-diarization-worker__ : The SwaggerUI is started successfully on port 80
2021-05-06 12:40:24,094 [INFO] __speaker-diarization-worker__ : Starting the speaker diarization service on port 80
2021-05-06 12:40:43,981 [INFO] __speaker-diarization-worker__ : [POST] New user entry - Speaker diarization
2021-05-06 12:40:44,032 [ERROR] __speaker-diarization-worker__ : name 'value' is not defined
2021-05-06 12:45:29,399 [INFO] __speaker-diarization-worker__ : The SwaggerUI is started successfully on port 80
2021-05-06 12:45:29,399 [INFO] __speaker-diarization-worker__ : Starting the speaker diarization service on port 80
2021-05-06 12:45:58,282 [INFO] __speaker-diarization-worker__ : [POST] New user entry - Speaker diarization
2021-05-06 12:45:58,333 [ERROR] __speaker-diarization-worker__ : 'Request' object has no attribute 'get'
2021-05-06 12:50:51,099 [INFO] __speaker-diarization-worker__ : The SwaggerUI is started successfully on port 80
2021-05-06 12:50:51,100 [INFO] __speaker-diarization-worker__ : Starting the speaker diarization service on port 80
2021-05-06 12:51:27,884 [INFO] __speaker-diarization-worker__ : [POST] New user entry - Speaker diarization
2021-05-06 12:51:27,932 [ERROR] __speaker-diarization-worker__ : 'Request' object has no attribute 'get'
2021-05-06 13:04:18,331 [INFO] __speaker-diarization-worker__ : The SwaggerUI is started successfully on port 80
2021-05-06 13:04:18,331 [INFO] __speaker-diarization-worker__ : Starting the speaker diarization service on port 80
2021-05-06 13:04:43,676 [INFO] __speaker-diarization-worker__ : [POST] New user entry - Speaker diarization
2021-05-06 13:04:46,201 [ERROR] __speaker-diarization-worker__.SpeakerDiarization : '<=' not supported between instances of 'NoneType' and 'int'
2021-05-06 13:04:46,201 [ERROR] __speaker-diarization-worker__ : Speaker diarization failed during processing the speech signal
2021-05-06 13:06:35,599 [INFO] __speaker-diarization-worker__ : The SwaggerUI is started successfully on port 80
2021-05-06 13:06:35,599 [INFO] __speaker-diarization-worker__ : Starting the speaker diarization service on port 80
2021-05-06 13:07:01,410 [INFO] __speaker-diarization-worker__ : [POST] New user entry - Speaker diarization
2021-05-06 13:07:03,853 [ERROR] __speaker-diarization-worker__.SpeakerDiarization : '<=' not supported between instances of 'NoneType' and 'int'
2021-05-06 13:07:03,853 [ERROR] __speaker-diarization-worker__ : Speaker diarization failed during processing the speech signal
2021-05-06 13:08:42,813 [INFO] __speaker-diarization-worker__ : The SwaggerUI is started successfully on port 80
2021-05-06 13:08:42,813 [INFO] __speaker-diarization-worker__ : Starting the speaker diarization service on port 80
2021-05-06 13:09:10,606 [INFO] __speaker-diarization-worker__ : [POST] New user entry - Speaker diarization
2021-05-06 13:09:13,049 [ERROR] __speaker-diarization-worker__.SpeakerDiarization : '<=' not supported between instances of 'NoneType' and 'int'
2021-05-06 13:09:13,049 [ERROR] __speaker-diarization-worker__ : Speaker diarization failed during processing the speech signal
2021-05-06 13:10:40,431 [INFO] __speaker-diarization-worker__ : The SwaggerUI is started successfully on port 80
2021-05-06 13:10:40,431 [INFO] __speaker-diarization-worker__ : Starting the speaker diarization service on port 80
2021-05-06 13:11:05,505 [INFO] __speaker-diarization-worker__ : [POST] New user entry - Speaker diarization
2021-05-06 13:11:07,933 [ERROR] __speaker-diarization-worker__.SpeakerDiarization : '<=' not supported between instances of 'NoneType' and 'int'
2021-05-06 13:11:07,933 [ERROR] __speaker-diarization-worker__ : Speaker diarization failed during processing the speech signal
2021-05-06 13:12:21,257 [INFO] __speaker-diarization-worker__ : The SwaggerUI is started successfully on port 80
2021-05-06 13:12:21,258 [INFO] __speaker-diarization-worker__ : Starting the speaker diarization service on port 80
2021-05-06 13:12:43,438 [INFO] __speaker-diarization-worker__ : [POST] New user entry - Speaker diarization
2021-05-06 13:12:43,495 [ERROR] __speaker-diarization-worker__ : 'Request' object has no attribute 'get'
2021-05-06 13:13:23,286 [INFO] __speaker-diarization-worker__ : The SwaggerUI is started successfully on port 80
2021-05-06 13:13:23,287 [INFO] __speaker-diarization-worker__ : Starting the speaker diarization service on port 80
2021-05-06 13:13:48,192 [INFO] __speaker-diarization-worker__ : [POST] New user entry - Speaker diarization
2021-05-06 13:13:50,806 [ERROR] __speaker-diarization-worker__.SpeakerDiarization : '<=' not supported between instances of 'NoneType' and 'int'
2021-05-06 13:13:50,806 [ERROR] __speaker-diarization-worker__ : Speaker diarization failed during processing the speech signal
2021-05-06 13:19:30,368 [INFO] __speaker-diarization-worker__ : The SwaggerUI is started successfully on port 80
2021-05-06 13:19:30,368 [INFO] __speaker-diarization-worker__ : Starting the speaker diarization service on port 80
2021-05-06 13:19:50,984 [INFO] __speaker-diarization-worker__ : [POST] New user entry - Speaker diarization
2021-05-06 13:19:53,479 [ERROR] __speaker-diarization-worker__.SpeakerDiarization : '<=' not supported between instances of 'NoneType' and 'int'
2021-05-06 13:19:53,480 [ERROR] __speaker-diarization-worker__ : Speaker diarization failed during processing the speech signal
2021-05-06 13:21:06,931 [INFO] __speaker-diarization-worker__ : The SwaggerUI is started successfully on port 80
2021-05-06 13:21:06,932 [INFO] __speaker-diarization-worker__ : Starting the speaker diarization service on port 80
2021-05-06 13:21:30,562 [INFO] __speaker-diarization-worker__ : [POST] New user entry - Speaker diarization
2021-05-06 13:21:30,615 [ERROR] __speaker-diarization-worker__ : 'ImmutableMultiDict' object is not callable
2021-05-06 13:23:33,774 [INFO] __speaker-diarization-worker__ : The SwaggerUI is started successfully on port 80
2021-05-06 13:23:33,775 [INFO] __speaker-diarization-worker__ : Starting the speaker diarization service on port 80
2021-05-06 13:23:57,075 [INFO] __speaker-diarization-worker__ : [POST] New user entry - Speaker diarization
2021-05-06 13:23:57,131 [ERROR] __speaker-diarization-worker__ : 'ImmutableMultiDict' object is not callable
2021-05-06 13:27:01,919 [INFO] __speaker-diarization-worker__ : The SwaggerUI is started successfully on port 80
2021-05-06 13:27:01,919 [INFO] __speaker-diarization-worker__ : Starting the speaker diarization service on port 80
2021-05-06 13:27:21,604 [INFO] __speaker-diarization-worker__ : [POST] New user entry - Speaker diarization
2021-05-06 13:27:21,656 [ERROR] __speaker-diarization-worker__ : 400 Bad Request: The browser (or proxy) sent a request that this server could not understand.
2021-05-06 13:28:42,631 [INFO] __speaker-diarization-worker__ : The SwaggerUI is started successfully on port 80
2021-05-06 13:28:42,631 [INFO] __speaker-diarization-worker__ : Starting the speaker diarization service on port 80
2021-05-06 13:29:07,393 [INFO] __speaker-diarization-worker__ : [POST] New user entry - Speaker diarization
2021-05-06 13:29:07,454 [ERROR] __speaker-diarization-worker__ : 400 Bad Request: The browser (or proxy) sent a request that this server could not understand.
2021-05-06 13:30:42,912 [INFO] __speaker-diarization-worker__ : The SwaggerUI is started successfully on port 80
2021-05-06 13:30:42,912 [INFO] __speaker-diarization-worker__ : Starting the speaker diarization service on port 80
2021-05-06 13:31:03,726 [INFO] __speaker-diarization-worker__ : [POST] New user entry - Speaker diarization
2021-05-06 13:31:03,778 [ERROR] __speaker-diarization-worker__ : 400 Bad Request: The browser (or proxy) sent a request that this server could not understand.
2021-05-06 13:31:54,789 [INFO] __speaker-diarization-worker__ : The SwaggerUI is started successfully on port 80
2021-05-06 13:31:54,790 [INFO] __speaker-diarization-worker__ : Starting the speaker diarization service on port 80
2021-05-06 13:32:14,457 [INFO] __speaker-diarization-worker__ : [POST] New user entry - Speaker diarization
2021-05-06 13:32:19,539 [INFO] __speaker-diarization-worker__.SpeakerDiarization : Speaker Diarization took 5[s] with a speed 0.13[xRT]
2021-05-06 13:33:09,237 [INFO] __speaker-diarization-worker__ : The SwaggerUI is started successfully on port 80
2021-05-06 13:33:09,237 [INFO] __speaker-diarization-worker__ : Starting the speaker diarization service on port 80
2021-05-06 13:33:28,694 [INFO] __speaker-diarization-worker__ : [POST] New user entry - Speaker diarization
2021-05-06 13:33:34,252 [INFO] __speaker-diarization-worker__.SpeakerDiarization : Speaker Diarization took 5[s] with a speed 0.13[xRT]
2021-05-06 13:38:21,013 [INFO] __speaker-diarization-worker__ : The SwaggerUI is started successfully on port 80
2021-05-06 13:38:21,013 [INFO] __speaker-diarization-worker__ : Starting the speaker diarization service on port 80
2021-05-06 13:38:52,396 [INFO] __speaker-diarization-worker__ : [POST] New user entry - Speaker diarization
2021-05-06 13:38:52,449 [ERROR] __speaker-diarization-worker__ : 400 Bad Request: The browser (or proxy) sent a request that this server could not understand.
2021-05-06 13:39:58,776 [INFO] __speaker-diarization-worker__ : The SwaggerUI is started successfully on port 80
2021-05-06 13:39:58,776 [INFO] __speaker-diarization-worker__ : Starting the speaker diarization service on port 80
2021-05-06 13:40:27,192 [INFO] __speaker-diarization-worker__ : [POST] New user entry - Speaker diarization
2021-05-06 13:40:27,243 [ERROR] __speaker-diarization-worker__ : 'Request' object has no attribute 'get'
2021-05-06 13:41:24,321 [INFO] __speaker-diarization-worker__ : The SwaggerUI is started successfully on port 80
2021-05-06 13:41:24,321 [INFO] __speaker-diarization-worker__ : Starting the speaker diarization service on port 80
2021-05-06 13:41:42,549 [INFO] __speaker-diarization-worker__ : [POST] New user entry - Speaker diarization
2021-05-06 13:41:42,601 [ERROR] __speaker-diarization-worker__ : 'Request' object is not subscriptable
2021-05-06 13:43:20,883 [INFO] __speaker-diarization-worker__ : The SwaggerUI is started successfully on port 80
2021-05-06 13:43:20,883 [INFO] __speaker-diarization-worker__ : Starting the speaker diarization service on port 80
2021-05-06 13:43:44,379 [INFO] __speaker-diarization-worker__ : [POST] New user entry - Speaker diarization
2021-05-06 13:43:44,425 [ERROR] __speaker-diarization-worker__ : 400 Bad Request: The browser (or proxy) sent a request that this server could not understand.
2021-05-06 13:48:42,537 [INFO] __speaker-diarization-worker__ : The SwaggerUI is started successfully on port 80
2021-05-06 13:48:42,537 [INFO] __speaker-diarization-worker__ : Starting the speaker diarization service on port 80
2021-05-06 13:49:01,494 [INFO] __speaker-diarization-worker__ : [POST] New user entry - Speaker diarization
2021-05-06 13:49:01,551 [ERROR] __speaker-diarization-worker__ : 'Request' object has no attribute 'getId'
2021-05-06 13:49:47,435 [INFO] __speaker-diarization-worker__ : The SwaggerUI is started successfully on port 80
2021-05-06 13:49:47,435 [INFO] __speaker-diarization-worker__ : Starting the speaker diarization service on port 80
2021-05-06 13:50:05,083 [INFO] __speaker-diarization-worker__ : [POST] New user entry - Speaker diarization
2021-05-06 13:50:05,136 [ERROR] __speaker-diarization-worker__ : 'Request' object has no attribute 'get'
2021-05-06 13:50:49,247 [INFO] __speaker-diarization-worker__ : The SwaggerUI is started successfully on port 80
2021-05-06 13:50:49,248 [INFO] __speaker-diarization-worker__ : Starting the speaker diarization service on port 80
2021-05-06 13:51:06,122 [INFO] __speaker-diarization-worker__ : [POST] New user entry - Speaker diarization
2021-05-06 13:51:06,175 [ERROR] __speaker-diarization-worker__ : 'Request' object has no attribute 'GET'
2021-05-06 13:51:46,149 [INFO] __speaker-diarization-worker__ : The SwaggerUI is started successfully on port 80
2021-05-06 13:51:46,149 [INFO] __speaker-diarization-worker__ : Starting the speaker diarization service on port 80
2021-05-06 13:52:15,806 [INFO] __speaker-diarization-worker__ : [POST] New user entry - Speaker diarization
2021-05-06 13:52:15,858 [ERROR] __speaker-diarization-worker__ : 'method' object is not subscriptable
2021-05-06 13:58:17,447 [INFO] __speaker-diarization-worker__ : The SwaggerUI is started successfully on port 80
2021-05-06 13:58:17,447 [INFO] __speaker-diarization-worker__ : Starting the speaker diarization service on port 80
2021-05-06 13:58:38,978 [INFO] __speaker-diarization-worker__ : [POST] New user entry - Speaker diarization
2021-05-06 13:58:39,032 [ERROR] __speaker-diarization-worker__ : 'method' object is not subscriptable
2021-05-06 13:59:18,364 [INFO] __speaker-diarization-worker__ : The SwaggerUI is started successfully on port 80
2021-05-06 13:59:18,364 [INFO] __speaker-diarization-worker__ : Starting the speaker diarization service on port 80
2021-05-06 13:59:40,264 [INFO] __speaker-diarization-worker__ : [POST] New user entry - Speaker diarization
2021-05-06 13:59:40,320 [ERROR] __speaker-diarization-worker__ : 'method' object is not subscriptable
2021-05-06 14:00:38,917 [INFO] __speaker-diarization-worker__ : The SwaggerUI is started successfully on port 80
2021-05-06 14:00:38,917 [INFO] __speaker-diarization-worker__ : Starting the speaker diarization service on port 80
2021-05-06 14:11:02,341 [INFO] __speaker-diarization-worker__ : The SwaggerUI is started successfully on port 80
2021-05-06 14:11:02,342 [INFO] __speaker-diarization-worker__ : Starting the speaker diarization service on port 80
2021-05-06 14:11:21,098 [INFO] __speaker-diarization-worker__ : [POST] New user entry - Speaker diarization
2021-05-06 14:11:21,146 [ERROR] __speaker-diarization-worker__ : 'method' object is not subscriptable
2021-05-06 14:13:35,951 [INFO] __speaker-diarization-worker__ : The SwaggerUI is started successfully on port 80
2021-05-06 14:13:35,951 [INFO] __speaker-diarization-worker__ : Starting the speaker diarization service on port 80
2021-05-06 14:13:56,328 [INFO] __speaker-diarization-worker__ : [POST] New user entry - Speaker diarization
2021-05-06 14:13:56,376 [ERROR] __speaker-diarization-worker__ : 400 Bad Request: The browser (or proxy) sent a request that this server could not understand.
2021-05-06 14:14:55,515 [INFO] __speaker-diarization-worker__ : The SwaggerUI is started successfully on port 80
2021-05-06 14:14:55,515 [INFO] __speaker-diarization-worker__ : Starting the speaker diarization service on port 80
2021-05-06 14:15:17,171 [INFO] __speaker-diarization-worker__ : [POST] New user entry - Speaker diarization
2021-05-06 14:15:17,225 [ERROR] __speaker-diarization-worker__ : 400 Bad Request: The browser (or proxy) sent a request that this server could not understand.
2021-05-06 14:21:05,133 [INFO] __speaker-diarization-worker__ : The SwaggerUI is started successfully on port 80
2021-05-06 14:21:05,133 [INFO] __speaker-diarization-worker__ : Starting the speaker diarization service on port 80
2021-05-06 14:21:31,978 [INFO] __speaker-diarization-worker__ : [POST] New user entry - Speaker diarization
2021-05-06 14:21:34,341 [ERROR] __speaker-diarization-worker__.SpeakerDiarization : '<=' not supported between instances of 'NoneType' and 'int'
2021-05-06 14:21:34,341 [ERROR] __speaker-diarization-worker__ : Speaker diarization failed during processing the speech signal
2021-05-06 14:22:40,886 [INFO] __speaker-diarization-worker__ : The SwaggerUI is started successfully on port 80
2021-05-06 14:22:40,887 [INFO] __speaker-diarization-worker__ : Starting the speaker diarization service on port 80
2021-05-06 14:22:59,080 [INFO] __speaker-diarization-worker__ : [POST] New user entry - Speaker diarization
2021-05-06 14:23:01,696 [ERROR] __speaker-diarization-worker__.SpeakerDiarization : '<=' not supported between instances of 'NoneType' and 'int'
2021-05-06 14:23:01,697 [ERROR] __speaker-diarization-worker__ : Speaker diarization failed during processing the speech signal
2021-05-06 14:27:06,094 [INFO] __speaker-diarization-worker__ : The SwaggerUI is started successfully on port 80
2021-05-06 14:27:06,094 [INFO] __speaker-diarization-worker__ : Starting the speaker diarization service on port 80
2021-05-06 14:27:38,384 [INFO] __speaker-diarization-worker__ : [POST] New user entry - Speaker diarization
2021-05-06 14:27:40,889 [ERROR] __speaker-diarization-worker__.SpeakerDiarization : '<=' not supported between instances of 'NoneType' and 'int'
2021-05-06 14:27:40,889 [ERROR] __speaker-diarization-worker__ : Speaker diarization failed during processing the speech signal
2021-05-06 14:28:40,316 [INFO] __speaker-diarization-worker__ : The SwaggerUI is started successfully on port 80
2021-05-06 14:28:40,316 [INFO] __speaker-diarization-worker__ : Starting the speaker diarization service on port 80
2021-05-06 14:29:01,408 [INFO] __speaker-diarization-worker__ : [POST] New user entry - Speaker diarization
2021-05-06 14:29:03,821 [ERROR] __speaker-diarization-worker__.SpeakerDiarization : '<=' not supported between instances of 'str' and 'int'
2021-05-06 14:29:03,821 [ERROR] __speaker-diarization-worker__ : Speaker diarization failed during processing the speech signal
2021-05-06 14:31:08,417 [INFO] __speaker-diarization-worker__ : [POST] New user entry - Speaker diarization
2021-05-06 14:31:13,556 [ERROR] __speaker-diarization-worker__.SpeakerDiarization : '<=' not supported between instances of 'str' and 'int'
2021-05-06 14:31:13,556 [ERROR] __speaker-diarization-worker__ : Speaker diarization failed during processing the speech signal
2021-05-06 14:31:42,627 [INFO] __speaker-diarization-worker__ : [POST] New user entry - Speaker diarization
2021-05-06 14:31:47,797 [ERROR] __speaker-diarization-worker__.SpeakerDiarization : '<=' not supported between instances of 'str' and 'int'
2021-05-06 14:31:47,798 [ERROR] __speaker-diarization-worker__ : Speaker diarization failed during processing the speech signal
2021-05-06 14:32:11,756 [INFO] __speaker-diarization-worker__ : The SwaggerUI is started successfully on port 80
2021-05-06 14:32:11,756 [INFO] __speaker-diarization-worker__ : Starting the speaker diarization service on port 80
2021-05-06 14:32:29,770 [INFO] __speaker-diarization-worker__ : [POST] New user entry - Speaker diarization
2021-05-06 14:32:34,827 [ERROR] __speaker-diarization-worker__.SpeakerDiarization : '<=' not supported between instances of 'str' and 'int'
2021-05-06 14:32:34,827 [ERROR] __speaker-diarization-worker__ : Speaker diarization failed during processing the speech signal
2021-05-06 14:38:01,642 [INFO] __speaker-diarization-worker__ : The SwaggerUI is started successfully on port 80
2021-05-06 14:38:01,642 [INFO] __speaker-diarization-worker__ : Starting the speaker diarization service on port 80
2021-05-06 14:38:20,523 [INFO] __speaker-diarization-worker__ : [POST] New user entry - Speaker diarization
2021-05-06 14:38:36,996 [INFO] __speaker-diarization-worker__.SpeakerDiarization : Speaker Diarization took 16[s] with a speed 0.13[xRT]
2021-05-06 14:39:15,551 [INFO] __speaker-diarization-worker__ : [POST] New user entry - Speaker diarization
2021-05-06 14:39:20,614 [INFO] __speaker-diarization-worker__.SpeakerDiarization : Speaker Diarization took 5[s] with a speed 0.13[xRT]
2021-05-06 14:42:10,610 [INFO] __speaker-diarization-worker__ : The SwaggerUI is started successfully on port 80
2021-05-06 14:42:10,611 [INFO] __speaker-diarization-worker__ : Starting the speaker diarization service on port 80
2021-05-06 14:42:36,786 [INFO] __speaker-diarization-worker__ : [POST] New user entry - Speaker diarization
2021-05-06 14:42:42,479 [INFO] __speaker-diarization-worker__.SpeakerDiarization : Speaker Diarization took 5[s] with a speed 0.13[xRT]
2021-05-06 15:01:02,006 [INFO] __speaker-diarization-worker__ : The SwaggerUI is started successfully on port 80
2021-05-06 15:01:02,006 [INFO] __speaker-diarization-worker__ : Starting the speaker diarization service on port 80
2021-05-06 15:01:21,885 [INFO] __speaker-diarization-worker__ : [POST] New user entry - Speaker diarization
2021-05-06 15:01:27,614 [INFO] __speaker-diarization-worker__.SpeakerDiarization : Speaker Diarization took 5[s] with a speed 0.13[xRT]
